# JRE version: Java(TM) SE Runtime Environment (21.0.1+12) (build 21.0.1+12-LTS-29)
# Java VM: Java HotSpot(TM) 64-Bit Server VM (21.0.1+12-LTS-29, mixed mode, sharing, tiered, compressed oops, compressed class ptrs, g1 gc, windows-amd64)
GC Precious Log:
 CardTable entry size: 512
 Card Set container configuration: InlinePtr #cards 4 size 8 Array Of Cards #cards 16 size 48 Howl #buckets 8 coarsen threshold 3686 Howl Bitmap #cards 512 size 80 coarsen threshold 460 Card regions per heap region 1 cards per card region 4096
 CPUs: 5 total, 5 available
 Memory: 18262M
 Large Page Support: Disabled
 NUMA Support: Disabled
 Compressed Oops: Enabled (Zero based)
 Heap Region Size: 2M
 Heap Min Capacity: 8M
 Heap Initial Capacity: 286M
 Heap Max Capacity: 4G
 Pre-touch: Disabled
 Parallel Workers: 5
 Concurrent Workers: 1
 Concurrent Refinement Workers: 5
 Periodic GC: Disabled
Heap:
 garbage-first heap   total 688128K, used 470111K [0x0000000700000000, 0x0000000800000000)
  region size 2048K, 83 young (169984K), 21 survivors (43008K)
 Metaspace       used 130323K, committed 133312K, reserved 1179648K
  class space    used 17731K, committed 19200K, reserved 1048576K
GC Heap History (20 events):
Event: 288.462 GC heap before
{Heap before GC invocations=57 (full 0):
 garbage-first heap   total 397312K, used 356685K [0x0000000700000000, 0x0000000800000000)
  region size 2048K, 65 young (133120K), 7 survivors (14336K)
 Metaspace       used 112540K, committed 115264K, reserved 1179648K
  class space    used 15740K, committed 17088K, reserved 1048576K
}
Event: 288.501 GC heap after
{Heap after GC invocations=58 (full 0):
 garbage-first heap   total 397312K, used 245760K [0x0000000700000000, 0x0000000800000000)
  region size 2048K, 6 young (12288K), 6 survivors (12288K)
 Metaspace       used 112540K, committed 115264K, reserved 1179648K
  class space    used 15740K, committed 17088K, reserved 1048576K
}
Event: 292.049 GC heap before
{Heap before GC invocations=58 (full 0):
 garbage-first heap   total 397312K, used 360448K [0x0000000700000000, 0x0000000800000000)
  region size 2048K, 62 young (126976K), 6 survivors (12288K)
 Metaspace       used 118729K, committed 121536K, reserved 1179648K
  class space    used 16528K, committed 17856K, reserved 1048576K
}
Event: 292.100 GC heap after
{Heap after GC invocations=59 (full 0):
 garbage-first heap   total 397312K, used 261817K [0x0000000700000000, 0x0000000800000000)
  region size 2048K, 8 young (16384K), 8 survivors (16384K)
 Metaspace       used 118729K, committed 121536K, reserved 1179648K
  class space    used 16528K, committed 17856K, reserved 1048576K
}
Event: 336.655 GC heap before
{Heap before GC invocations=60 (full 0):
 garbage-first heap   total 485376K, used 351929K [0x0000000700000000, 0x0000000800000000)
  region size 2048K, 53 young (108544K), 8 survivors (16384K)
 Metaspace       used 120349K, committed 123200K, reserved 1179648K
  class space    used 16742K, committed 18112K, reserved 1048576K
}
Event: 336.731 GC heap after
{Heap after GC invocations=61 (full 0):
 garbage-first heap   total 485376K, used 274749K [0x0000000700000000, 0x0000000800000000)
  region size 2048K, 7 young (14336K), 7 survivors (14336K)
 Metaspace       used 120349K, committed 123200K, reserved 1179648K
  class space    used 16742K, committed 18112K, reserved 1048576K
}
Event: 357.943 GC heap before
{Heap before GC invocations=61 (full 0):
 garbage-first heap   total 485376K, used 434493K [0x0000000700000000, 0x0000000800000000)
  region size 2048K, 86 young (176128K), 7 survivors (14336K)
 Metaspace       used 122367K, committed 125248K, reserved 1179648K
  class space    used 16907K, committed 18304K, reserved 1048576K
}
Event: 358.004 GC heap after
{Heap after GC invocations=62 (full 0):
 garbage-first heap   total 485376K, used 280037K [0x0000000700000000, 0x0000000800000000)
  region size 2048K, 4 young (8192K), 4 survivors (8192K)
 Metaspace       used 122367K, committed 125248K, reserved 1179648K
  class space    used 16907K, committed 18304K, reserved 1048576K
}
Event: 367.859 GC heap before
{Heap before GC invocations=62 (full 0):
 garbage-first heap   total 485376K, used 441829K [0x0000000700000000, 0x0000000800000000)
  region size 2048K, 84 young (172032K), 4 survivors (8192K)
 Metaspace       used 122874K, committed 125760K, reserved 1179648K
  class space    used 16930K, committed 18304K, reserved 1048576K
}
Event: 367.898 GC heap after
{Heap after GC invocations=63 (full 0):
 garbage-first heap   total 485376K, used 288979K [0x0000000700000000, 0x0000000800000000)
  region size 2048K, 9 young (18432K), 9 survivors (18432K)
 Metaspace       used 122874K, committed 125760K, reserved 1179648K
  class space    used 16930K, committed 18304K, reserved 1048576K
}
Event: 376.138 GC heap before
{Heap before GC invocations=64 (full 0):
 garbage-first heap   total 512000K, used 508115K [0x0000000700000000, 0x0000000800000000)
  region size 2048K, 73 young (149504K), 9 survivors (18432K)
 Metaspace       used 123238K, committed 126144K, reserved 1179648K
  class space    used 16963K, committed 18368K, reserved 1048576K
}
Event: 376.201 GC heap after
{Heap after GC invocations=65 (full 0):
 garbage-first heap   total 536576K, used 295703K [0x0000000700000000, 0x0000000800000000)
  region size 2048K, 9 young (18432K), 9 survivors (18432K)
 Metaspace       used 123238K, committed 126144K, reserved 1179648K
  class space    used 16963K, committed 18368K, reserved 1048576K
}
Event: 385.601 GC heap before
{Heap before GC invocations=65 (full 0):
 garbage-first heap   total 536576K, used 486167K [0x0000000700000000, 0x0000000800000000)
  region size 2048K, 103 young (210944K), 9 survivors (18432K)
 Metaspace       used 127869K, committed 130816K, reserved 1179648K
  class space    used 17496K, committed 18944K, reserved 1048576K
}
Event: 385.666 GC heap after
{Heap after GC invocations=66 (full 0):
 garbage-first heap   total 536576K, used 299558K [0x0000000700000000, 0x0000000800000000)
  region size 2048K, 10 young (20480K), 10 survivors (20480K)
 Metaspace       used 127869K, committed 130816K, reserved 1179648K
  class space    used 17496K, committed 18944K, reserved 1048576K
}
Event: 385.882 GC heap before
{Heap before GC invocations=66 (full 0):
 garbage-first heap   total 536576K, used 309798K [0x0000000700000000, 0x0000000800000000)
  region size 2048K, 17 young (34816K), 10 survivors (20480K)
 Metaspace       used 127943K, committed 130880K, reserved 1179648K
  class space    used 17505K, committed 18944K, reserved 1048576K
}
Event: 385.922 GC heap after
{Heap after GC invocations=67 (full 0):
 garbage-first heap   total 536576K, used 301558K [0x0000000700000000, 0x0000000800000000)
  region size 2048K, 7 young (14336K), 7 survivors (14336K)
 Metaspace       used 127943K, committed 130880K, reserved 1179648K
  class space    used 17505K, committed 18944K, reserved 1048576K
}
Event: 2100.580 GC heap before
{Heap before GC invocations=68 (full 0):
 garbage-first heap   total 653312K, used 651766K [0x0000000700000000, 0x0000000800000000)
  region size 2048K, 88 young (180224K), 7 survivors (14336K)
 Metaspace       used 129108K, committed 132032K, reserved 1179648K
  class space    used 17651K, committed 19072K, reserved 1048576K
}
Event: 2100.654 GC heap after
{Heap after GC invocations=69 (full 0):
 garbage-first heap   total 675840K, used 308533K [0x0000000700000000, 0x0000000800000000)
  region size 2048K, 11 young (22528K), 11 survivors (22528K)
 Metaspace       used 129108K, committed 132032K, reserved 1179648K
  class space    used 17651K, committed 19072K, reserved 1048576K
}
Event: 2106.708 GC heap before
{Heap before GC invocations=69 (full 0):
 garbage-first heap   total 675840K, used 613685K [0x0000000700000000, 0x0000000800000000)
  region size 2048K, 161 young (329728K), 11 survivors (22528K)
 Metaspace       used 129773K, committed 132800K, reserved 1179648K
  class space    used 17672K, committed 19136K, reserved 1048576K
}
Event: 2106.846 GC heap after
{Heap after GC invocations=70 (full 0):
 garbage-first heap   total 688128K, used 347231K [0x0000000700000000, 0x0000000800000000)
  region size 2048K, 21 young (43008K), 21 survivors (43008K)
 Metaspace       used 129773K, committed 132800K, reserved 1179648K
  class space    used 17672K, committed 19136K, reserved 1048576K
}

